Arguments: 
  /usr/local/Cellar/node@8/8.9.4/bin/node /usr/local/Cellar/yarn/1.3.2/libexec/bin/yarn.js publish

PATH: 
  /Library/Frameworks/Python.framework/Versions/3.6/bin:/Library/Frameworks/Python.framework/Versions/3.6/bin:/usr/local/sbin:/usr/local/bin:/usr/bin:/bin:/usr/sbin:/sbin:/opt/X11/bin:/usr/local/CrossPack-AVR/bin:/Users/renk/.composer/vendor/bin

Yarn version: 
  1.3.2

Node version: 
  8.9.4

Platform: 
  darwin x64

npm manifest: 
  {
    "name": "safety",
    "productName": "Safety",
    "version": "0.1.0",
    "description": "The safety node module",
    "main": "./safety.js",
    "dependencies": {},
    "devDependencies": {},
    "author": "Ren Kun<ren_kun@126.com>",
    "license": "Apache-2.0",
    "repository": {
      "type": "git",
      "url": "https://github.com/renkun/safety.git"
    },
    "bugs": {
      "url": "https://github.com/renkun/safety/issues"
    }
  }

yarn manifest: 
  No manifest

Lockfile: 
  No lockfile

Trace: 
  Error: https://registry.yarnpkg.com/safety: You do not have permission to publish "safety". Are you logged in as the correct user?
      at Request.params.callback [as _callback] (/usr/local/Cellar/yarn/1.3.2/libexec/lib/cli.js:62098:18)
      at Request.self.callback (/usr/local/Cellar/yarn/1.3.2/libexec/lib/cli.js:123085:22)
      at emitTwo (events.js:126:13)
      at Request.emit (events.js:214:7)
      at Request.<anonymous> (/usr/local/Cellar/yarn/1.3.2/libexec/lib/cli.js:124068:10)
      at emitOne (events.js:116:13)
      at Request.emit (events.js:211:7)
      at Gunzip.<anonymous> (/usr/local/Cellar/yarn/1.3.2/libexec/lib/cli.js:123988:12)
      at Object.onceWrapper (events.js:313:30)
      at emitNone (events.js:111:20)
